
Thu 14 Mar 2024 08:29:24 PM UTC: 
 tests:  0|7
total_score: 0/70
361812c
Thu 14 Mar 2024 08:34:06 PM UTC: 
 exercises.c | 10 +++++++++-
 1 file changed, 9 insertions(+), 1 deletion(-)
 tests:  0|6
total_score: 10/70
1378cf6
Thu 14 Mar 2024 08:42:48 PM UTC: 
 exercises.c | 13 ++++++++++++-
 1 file changed, 12 insertions(+), 1 deletion(-)
In file included from test.c:1:
exercises.c: In function ‘reverseArray’:
exercises.c:30:26: error: expected identifier or ‘(’ before ‘int’
   30 |   for (int i = size - 1, int k = 0; i >= 0; i--, k++){
      |                          ^~~
exercises.c:30:50: error: ‘k’ undeclared (first use in this function)
   30 |   for (int i = size - 1, int k = 0; i >= 0; i--, k++){
      |                                                  ^
exercises.c:30:50: note: each undeclared identifier is reported only once for each function it appears in
Compilation failed
91bbe29
Thu 14 Mar 2024 08:44:43 PM UTC: 
 exercises.c | 2 +-
 1 file changed, 1 insertion(+), 1 deletion(-)
In file included from test.c:1:
exercises.c: In function ‘reverseArray’:
exercises.c:30:26: error: expected identifier or ‘(’ before ‘int’
   30 |   for (int i = size - 1, int k = 0; i >= 0 || k < size - 1; i--, k++){
      |                          ^~~
exercises.c:30:47: error: ‘k’ undeclared (first use in this function)
   30 |   for (int i = size - 1, int k = 0; i >= 0 || k < size - 1; i--, k++){
      |                                               ^
exercises.c:30:47: note: each undeclared identifier is reported only once for each function it appears in
Compilation failed
77c4335
Thu 14 Mar 2024 08:45:35 PM UTC: 
 exercises.c | 5 ++++-
 1 file changed, 4 insertions(+), 1 deletion(-)
In file included from test.c:1:
exercises.c: In function ‘reverseArray’:
exercises.c:32:3: error: expected ‘,’ or ‘;’ before ‘for’
   32 |   for (int i = size - 1; i >= 0; i--){
      |   ^~~
exercises.c:32:26: error: ‘i’ undeclared (first use in this function)
   32 |   for (int i = size - 1; i >= 0; i--){
      |                          ^
exercises.c:32:26: note: each undeclared identifier is reported only once for each function it appears in
exercises.c:32:37: error: expected ‘;’ before ‘)’ token
   32 |   for (int i = size - 1; i >= 0; i--){
      |                                     ^
      |                                     ;
exercises.c:32:37: error: expected statement before ‘)’ token
Compilation failed
58907cc
Thu 14 Mar 2024 08:45:55 PM UTC: 
 exercises.c | 2 +-
 1 file changed, 1 insertion(+), 1 deletion(-)
 tests:  0|5
total_score: 20/70
d8e95ab
Thu 14 Mar 2024 08:53:46 PM UTC: 
 exercises.c | 19 ++++++++++++++++++-
 1 file changed, 18 insertions(+), 1 deletion(-)
In file included from test.c:1:
exercises.c: In function ‘filterEvenNumbers’:
exercises.c:55:11: error: assignment to ‘int *’ from ‘int’ makes pointer from integer without a cast [-Werror=int-conversion]
   55 |   newSize = cantPares
      |           ^
exercises.c:55:22: error: expected ‘;’ before ‘int’
   55 |   newSize = cantPares
      |                      ^
      |                      ;
   56 |   int arrPar[newSize];
      |   ~~~                 
exercises.c:60:7: error: ‘arrPar’ undeclared (first use in this function)
   60 |       arrPar[aux] = arr[i];
      |       ^~~~~~
exercises.c:60:7: note: each undeclared identifier is reported only once for each function it appears in
exercises.c:65:1: error: control reaches end of non-void function [-Werror=return-type]
   65 | }
      | ^
cc1: all warnings being treated as errors
Compilation failed
aafdb12
Thu 14 Mar 2024 08:54:02 PM UTC: 
 exercises.c | 2 +-
 1 file changed, 1 insertion(+), 1 deletion(-)
In file included from test.c:1:
exercises.c: In function ‘filterEvenNumbers’:
exercises.c:55:11: error: assignment to ‘int *’ from ‘int’ makes pointer from integer without a cast [-Werror=int-conversion]
   55 |   newSize = cantPares;
      |           ^
exercises.c:56:7: error: size of array ‘arrPar’ has non-integer type
   56 |   int arrPar[newSize];
      |       ^~~~~~
exercises.c:64:10: error: function returns address of local variable [-Werror=return-local-addr]
   64 |   return arrPar;
      |          ^~~~~~
cc1: all warnings being treated as errors
Compilation failed
80de2eb
Thu 14 Mar 2024 08:54:45 PM UTC: 
 exercises.c | 4 ++--
 1 file changed, 2 insertions(+), 2 deletions(-)
In file included from test.c:1:
exercises.c: In function ‘filterEvenNumbers’:
exercises.c:64:10: error: function returns address of local variable [-Werror=return-local-addr]
   64 |   return arrPar;
      |          ^~~~~~
cc1: all warnings being treated as errors
Compilation failed
e1a39cb
Thu 14 Mar 2024 08:56:34 PM UTC: 
 exercises.c | 2 +-
 1 file changed, 1 insertion(+), 1 deletion(-)
In file included from test.c:1:
exercises.c: In function ‘filterEvenNumbers’:
exercises.c:64:16: error: returning ‘int’ from a function with return type ‘int *’ makes pointer from integer without a cast [-Werror=int-conversion]
   64 |   return arrPar[*newSize];
      |          ~~~~~~^~~~~~~~~~
cc1: all warnings being treated as errors
Compilation failed
2cd160a
Thu 14 Mar 2024 08:56:43 PM UTC: 
 exercises.c | 2 +-
 1 file changed, 1 insertion(+), 1 deletion(-)
In file included from test.c:1:
exercises.c: In function ‘filterEvenNumbers’:
exercises.c:64:16: error: array subscript is not an integer
   64 |   return arrPar[newSize];
      |                ^
exercises.c:56:7: error: variable ‘arrPar’ set but not used [-Werror=unused-but-set-variable]
   56 |   int arrPar[*newSize];
      |       ^~~~~~
exercises.c:65:1: error: control reaches end of non-void function [-Werror=return-type]
   65 | }
      | ^
cc1: all warnings being treated as errors
Compilation failed
814436f
Thu 14 Mar 2024 08:58:40 PM UTC: 
 exercises.c | 2 +-
 1 file changed, 1 insertion(+), 1 deletion(-)
In file included from test.c:1:
exercises.c: In function ‘filterEvenNumbers’:
exercises.c:65:17: error: expected expression before ‘]’ token
   65 |   return arrPar[];
      |                 ^
exercises.c:56:7: error: variable ‘arrPar’ set but not used [-Werror=unused-but-set-variable]
   56 |   int arrPar[*newSize];
      |       ^~~~~~
exercises.c:66:1: error: control reaches end of non-void function [-Werror=return-type]
   66 | }
      | ^
cc1: all warnings being treated as errors
Compilation failed
ce0f640
Thu 14 Mar 2024 08:59:16 PM UTC: 
 exercises.c | 6 +++---
 1 file changed, 3 insertions(+), 3 deletions(-)
In file included from test.c:1:
exercises.c: In function ‘filterEvenNumbers’:
exercises.c:55:11: error: assignment to ‘int *’ from ‘int’ makes pointer from integer without a cast [-Werror=int-conversion]
   55 |   newSize = cantPares;
      |           ^
exercises.c:57:7: error: size of array ‘arrPar’ has non-integer type
   57 |   int arrPar[newSize];
      |       ^~~~~~
exercises.c:66:10: error: function returns address of local variable [-Werror=return-local-addr]
   66 |   return arrPar;
      |          ^~~~~~
cc1: all warnings being treated as errors
Compilation failed
e26977f
Thu 14 Mar 2024 09:00:18 PM UTC: 
 exercises.c | 2 +-
 1 file changed, 1 insertion(+), 1 deletion(-)
In file included from test.c:1:
exercises.c: In function ‘filterEvenNumbers’:
exercises.c:55:11: error: assignment to ‘int *’ from ‘int’ makes pointer from integer without a cast [-Werror=int-conversion]
   55 |   newSize = cantPares;
      |           ^
exercises.c:57:7: error: size of array ‘arrPar’ has non-integer type
   57 |   int arrPar[newSize];
      |       ^~~~~~
exercises.c:66:17: error: expected expression before ‘]’ token
   66 |   return arrPar[];
      |                 ^
exercises.c:57:7: error: variable ‘arrPar’ set but not used [-Werror=unused-but-set-variable]
   57 |   int arrPar[newSize];
      |       ^~~~~~
exercises.c:67:1: error: control reaches end of non-void function [-Werror=return-type]
   67 | }
      | ^
cc1: all warnings being treated as errors
Compilation failed
88d76e7
Thu 14 Mar 2024 09:01:48 PM UTC: 
 exercises.c | 4 ++--
 1 file changed, 2 insertions(+), 2 deletions(-)
In file included from test.c:1:
exercises.c: In function ‘filterEvenNumbers’:
exercises.c:55:13: error: invalid type argument of unary ‘*’ (have ‘int’)
   55 |   newSize = *cantPares;
      |             ^~~~~~~~~~
exercises.c:66:17: error: expected expression before ‘]’ token
   66 |   return arrPar[];
      |                 ^
exercises.c:57:7: error: variable ‘arrPar’ set but not used [-Werror=unused-but-set-variable]
   57 |   int arrPar[*newSize];
      |       ^~~~~~
exercises.c:67:1: error: control reaches end of non-void function [-Werror=return-type]
   67 | }
      | ^
cc1: all warnings being treated as errors
Compilation failed
5fc4645
Thu 14 Mar 2024 09:02:04 PM UTC: 
 exercises.c | 2 +-
 1 file changed, 1 insertion(+), 1 deletion(-)
In file included from test.c:1:
exercises.c: In function ‘filterEvenNumbers’:
exercises.c:55:13: error: invalid type argument of unary ‘*’ (have ‘int’)
   55 |   newSize = *cantPares;
      |             ^~~~~~~~~~
exercises.c:66:16: error: returning ‘int’ from a function with return type ‘int *’ makes pointer from integer without a cast [-Werror=int-conversion]
   66 |   return arrPar[*newSize];
      |          ~~~~~~^~~~~~~~~~
cc1: all warnings being treated as errors
Compilation failed
27f60df
Thu 14 Mar 2024 09:02:29 PM UTC: 
 exercises.c | 2 +-
 1 file changed, 1 insertion(+), 1 deletion(-)
In file included from test.c:1:
exercises.c: In function ‘filterEvenNumbers’:
exercises.c:66:16: error: returning ‘int’ from a function with return type ‘int *’ makes pointer from integer without a cast [-Werror=int-conversion]
   66 |   return arrPar[*newSize];
      |          ~~~~~~^~~~~~~~~~
cc1: all warnings being treated as errors
Compilation failed
701fdf5
Thu 14 Mar 2024 09:02:46 PM UTC: 
 exercises.c | 2 +-
 1 file changed, 1 insertion(+), 1 deletion(-)
In file included from test.c:1:
exercises.c: In function ‘filterEvenNumbers’:
exercises.c:66:16: error: returning ‘int’ from a function with return type ‘int *’ makes pointer from integer without a cast [-Werror=int-conversion]
   66 |   return arrPar[cantPares];
      |          ~~~~~~^~~~~~~~~~~
cc1: all warnings being treated as errors
Compilation failed
c9eab6b
Thu 14 Mar 2024 09:03:05 PM UTC: 
 exercises.c | 2 +-
 1 file changed, 1 insertion(+), 1 deletion(-)
In file included from test.c:1:
exercises.c: In function ‘filterEvenNumbers’:
exercises.c:66:16: error: array subscript is not an integer
   66 |   return arrPar[newSize];
      |                ^
exercises.c:57:7: error: variable ‘arrPar’ set but not used [-Werror=unused-but-set-variable]
   57 |   int arrPar[*newSize];
      |       ^~~~~~
exercises.c:67:1: error: control reaches end of non-void function [-Werror=return-type]
   67 | }
      | ^
cc1: all warnings being treated as errors
Compilation failed
14f0bee
Thu 14 Mar 2024 09:08:52 PM UTC: 
 exercises.c | 36 ++++++++++++++++++++++++++++++++++--
 1 file changed, 34 insertions(+), 2 deletions(-)
In file included from test.c:1:
exercises.c: In function ‘filterEvenNumbers’:
exercises.c:66:16: error: array subscript is not an integer
   66 |   return arrPar[newSize];
      |                ^
exercises.c:57:7: error: variable ‘arrPar’ set but not used [-Werror=unused-but-set-variable]
   57 |   int arrPar[*newSize];
      |       ^~~~~~
exercises.c: At top level:
exercises.c:75:81: error: expected ‘;’, ‘,’ or ‘)’ before ‘{’ token
   75 | void mergeSortedArrays(int arr1[], int size1, int arr2[], int size2,int result[]{
      |                                                                                 ^
exercises.c: In function ‘filterEvenNumbers’:
exercises.c:67:1: error: control reaches end of non-void function [-Werror=return-type]
   67 | }
      | ^
cc1: all warnings being treated as errors
Compilation failed
f311b44
Thu 14 Mar 2024 09:10:42 PM UTC: 
 exercises.c | 6 +++---
 1 file changed, 3 insertions(+), 3 deletions(-)
In file included from test.c:1:
exercises.c: In function ‘filterEvenNumbers’:
exercises.c:75:1: error: expected ‘;’ before ‘void’
   75 | void mergeSortedArrays(int arr1[], int size1, int arr2[], int size2,int result[]{
      | ^~~~
test.c:410:1: error: expected declaration or statement at end of input
  410 | }
      | ^
Compilation failed
fad69f4
Thu 14 Mar 2024 09:11:52 PM UTC: 
 exercises.c | 13 ++++++-------
 1 file changed, 6 insertions(+), 7 deletions(-)
In file included from test.c:1:
exercises.c: In function ‘filterEvenNumbers’:
exercises.c:75:1: error: expected ‘;’ before ‘void’
   75 | void mergeSortedArrays(int arr1[], int size1, int arr2[], int size2,int result[]{
      | ^~~~
exercises.c:132:3: error: unknown type name ‘Autor’
  132 |   Autor autor;
      |   ^~~~~
test.c: In function ‘test_mergeSort’:
test.c:204:3: error: implicit declaration of function ‘mergeSortedArrays’ [-Werror=implicit-function-declaration]
  204 |   mergeSortedArrays(arr1, size1, arr2, size2, result);
      |   ^~~~~~~~~~~~~~~~~
test.c: In function ‘test_checkSorted’:
test.c:258:18: error: implicit declaration of function ‘checkSorted’; did you mean ‘test_checkSorted’? [-Werror=implicit-function-declaration]
  258 |     int result = checkSorted(arr, size);
      |                  ^~~~~~~~~~~
      |                  test_checkSorted
test.c: In function ‘imprimirLibro’:
test.c:291:57: error: request for member ‘nombre’ in something not a structure or union
  291 |   printf("    Autor: %s (Nacido en: %d)\n", libro->autor.nombre, libro->autor.anioNacimiento);
      |                                                         ^
test.c:291:78: error: request for member ‘anioNacimiento’ in something not a structure or union
  291 |   printf("    Autor: %s (Nacido en: %d)\n", libro->autor.nombre, libro->autor.anioNacimiento);
      |                                                                              ^
test.c: In function ‘test_biblioteca’:
test.c:313:27: error: request for member ‘nombre’ in something not a structure or union
  313 |         strcmp(libro.autor.nombre, autores[i]) != 0 ||
      |                           ^
test.c:314:20: error: request for member ‘anioNacimiento’ in something not a structure or union
  314 |         libro.autor.anioNacimiento != aniosNacimiento[i] ||
      |                    ^
test.c: In function ‘filterEvenNumbers’:
test.c:382:5: error: ‘main’ is normally a non-static function [-Werror=main]
  382 | int main(int argc, char *argv[]) {
      |     ^~~~
test.c:410:1: error: expected declaration or statement at end of input
  410 | }
      | ^
test.c:7:6: error: unused variable ‘msg’ [-Werror=unused-variable]
    7 | char msg[300];
      |      ^~~
At top level:
test.c:382:5: error: ‘main’ defined but not used [-Werror=unused-function]
  382 | int main(int argc, char *argv[]) {
      |     ^~~~
test.c:47:6: error: ‘readIntArray’ defined but not used [-Werror=unused-function]
   47 | void readIntArray(int arr[], int *size) {
      |      ^~~~~~~~~~~~
cc1: all warnings being treated as errors
Compilation failed
9532bb0
Thu 14 Mar 2024 09:12:38 PM UTC: 
 exercises.c | 2 +-
 1 file changed, 1 insertion(+), 1 deletion(-)
In file included from test.c:1:
exercises.c:75:81: error: expected ‘;’, ‘,’ or ‘)’ before ‘{’ token
   75 | void mergeSortedArrays(int arr1[], int size1, int arr2[], int size2,int result[]{
      |                                                                                 ^
test.c: In function ‘test_mergeSort’:
test.c:204:3: error: implicit declaration of function ‘mergeSortedArrays’ [-Werror=implicit-function-declaration]
  204 |   mergeSortedArrays(arr1, size1, arr2, size2, result);
      |   ^~~~~~~~~~~~~~~~~
cc1: all warnings being treated as errors
Compilation failed
1f06e00
Thu 14 Mar 2024 09:13:05 PM UTC: 
 exercises.c | 1 -
 1 file changed, 1 deletion(-)
In file included from test.c:1:
exercises.c:75:81: error: expected ‘;’, ‘,’ or ‘)’ before ‘{’ token
   75 | void mergeSortedArrays(int arr1[], int size1, int arr2[], int size2,int result[]{
      |                                                                                 ^
test.c: In function ‘test_mergeSort’:
test.c:204:3: error: implicit declaration of function ‘mergeSortedArrays’ [-Werror=implicit-function-declaration]
  204 |   mergeSortedArrays(arr1, size1, arr2, size2, result);
      |   ^~~~~~~~~~~~~~~~~
cc1: all warnings being treated as errors
Compilation failed
84d31c7
Thu 14 Mar 2024 09:14:16 PM UTC: 
 exercises.c | 1 -
 1 file changed, 1 deletion(-)
In file included from test.c:1:
exercises.c:75:81: error: expected ‘;’, ‘,’ or ‘)’ before ‘{’ token
   75 | void mergeSortedArrays(int arr1[], int size1, int arr2[], int size2,int result[]{
      |                                                                                 ^
Compilation failed
978fd9f
Thu 14 Mar 2024 09:14:44 PM UTC: 
 exercises.c | 2 +-
 1 file changed, 1 insertion(+), 1 deletion(-)
In file included from test.c:1:
exercises.c: In function ‘mergeSortedArrays’:
exercises.c:77:8: error: ‘result’ redeclared as different kind of symbol
   77 |   int* result = (int*)malloc((size1 + size2)*sizeof(int));
      |        ^~~~~~
exercises.c:75:73: note: previous definition of ‘result’ with type ‘int *’
   75 | void mergeSortedArrays(int arr1[], int size1, int arr2[], int size2,int result[]){
      |                                                                     ~~~~^~~~~~~~
Compilation failed
95084c5
Thu 14 Mar 2024 09:14:58 PM UTC: 
 exercises.c | 2 +-
 1 file changed, 1 insertion(+), 1 deletion(-)
In file included from test.c:1:
exercises.c: In function ‘mergeSortedArrays’:
exercises.c:77:7: error: ‘result’ redeclared as different kind of symbol
   77 |   int result = (int*)malloc((size1 + size2)*sizeof(int));
      |       ^~~~~~
exercises.c:75:73: note: previous definition of ‘result’ with type ‘int *’
   75 | void mergeSortedArrays(int arr1[], int size1, int arr2[], int size2,int result[]){
      |                                                                     ~~~~^~~~~~~~
exercises.c:77:16: error: initialization of ‘int’ from ‘int *’ makes integer from pointer without a cast [-Werror=int-conversion]
   77 |   int result = (int*)malloc((size1 + size2)*sizeof(int));
      |                ^
exercises.c:85:15: error: subscripted value is neither array nor pointer nor vector
   85 |         result[k] = arr2[j];
      |               ^
exercises.c:89:17: error: subscripted value is neither array nor pointer nor vector
   89 |           result[k] = arr1[i];
      |                 ^
exercises.c:95:15: error: subscripted value is neither array nor pointer nor vector
   95 |         result[k] = arr2[j];
      |               ^
exercises.c:99:15: error: subscripted value is neither array nor pointer nor vector
   99 |         result[k] = arr1[i];
      |               ^
exercises.c:77:7: error: variable ‘result’ set but not used [-Werror=unused-but-set-variable]
   77 |   int result = (int*)malloc((size1 + size2)*sizeof(int));
      |       ^~~~~~
cc1: all warnings being treated as errors
Compilation failed
21bf531
